SF:lib\core\failure\failure.dart
DA:5,0
LF:1
LH:0
end_of_record
SF:lib\fetures\auth\domain\entity\consumer_entity.dart
DA:12,3
DA:22,1
DA:23,1
DA:24,1
DA:25,1
DA:26,1
DA:27,1
DA:28,1
DA:29,1
DA:30,1
LF:10
LH:10
end_of_record
SF:lib\fetures\auth\domain\use_case\auth_usecase.dart
DA:8,0
DA:9,0
DA:10,0
DA:17,0
DA:19,0
DA:20,0
DA:23,0
DA:25,0
LF:8
LH:0
end_of_record
SF:lib\fetures\auth\presentation\view_model\auth_view_model.dart
DA:11,6
DA:12,3
DA:13,0
DA:14,0
DA:21,9
DA:23,1
DA:24,3
DA:25,2
DA:26,1
DA:27,0
DA:29,0
DA:31,4
DA:38,1
DA:40,3
DA:42,2
DA:43,1
DA:44,0
DA:45,0
DA:48,1
DA:49,3
LF:20
LH:14
end_of_record
SF:lib\config\constants\api_endipoint.dart
DA:2,0
LF:1
LH:0
end_of_record
SF:lib\config\router\app_route.dart
DA:8,0
DA:15,2
DA:16,2
DA:17,0
DA:18,1
DA:19,1
DA:20,0
LF:7
LH:4
end_of_record
SF:lib\fetures\auth\presentation\view\login.dart
DA:13,3
DA:15,1
DA:16,1
DA:24,0
DA:26,0
DA:27,0
DA:28,0
DA:33,1
DA:35,3
DA:37,1
DA:38,1
DA:39,1
DA:40,1
DA:41,1
DA:42,1
DA:43,1
DA:68,1
DA:69,1
DA:70,1
DA:71,1
DA:81,1
DA:82,1
DA:83,1
DA:84,1
DA:85,1
DA:87,1
DA:88,1
DA:89,1
DA:91,1
DA:92,1
DA:98,1
DA:99,1
DA:102,1
DA:103,1
DA:111,1
DA:112,1
DA:113,1
DA:115,1
DA:116,1
DA:117,1
DA:123,1
DA:124,1
DA:125,1
DA:129,0
DA:130,0
DA:131,0
DA:135,1
DA:136,1
DA:139,1
DA:140,1
DA:147,1
DA:149,1
DA:150,0
DA:151,0
DA:155,1
DA:157,1
DA:158,1
DA:159,1
DA:160,1
DA:161,3
DA:162,1
DA:163,3
DA:164,1
DA:166,2
DA:167,2
DA:173,1
DA:175,1
DA:176,1
DA:177,1
DA:178,1
DA:179,1
DA:180,0
DA:181,0
DA:183,1
DA:188,1
DA:189,1
DA:190,1
DA:201,1
DA:202,0
DA:203,0
DA:205,1
DA:210,1
DA:211,1
DA:212,1
DA:220,1
DA:222,1
DA:224,1
DA:225,0
DA:226,0
LF:89
LH:74
end_of_record
SF:lib\fetures\auth\presentation\view\register.dart
DA:11,3
DA:13,1
DA:14,1
DA:29,1
DA:31,3
DA:32,3
DA:33,1
DA:35,1
DA:41,1
DA:42,1
DA:43,1
DA:44,1
DA:45,1
DA:46,1
DA:47,1
DA:48,1
DA:49,1
DA:50,1
DA:52,1
DA:53,1
DA:54,1
DA:59,1
DA:60,1
DA:68,1
DA:69,1
DA:71,1
DA:72,1
DA:73,1
DA:83,1
DA:84,1
DA:85,1
DA:86,1
DA:88,1
DA:89,1
DA:90,1
DA:95,1
DA:96,1
DA:104,1
DA:105,1
DA:107,1
DA:108,1
DA:109,1
DA:115,1
DA:116,1
DA:172,1
DA:174,1
DA:175,1
DA:176,1
DA:182,1
DA:183,1
DA:190,1
DA:192,1
DA:193,1
DA:194,1
DA:195,1
DA:196,1
DA:199,1
DA:200,0
DA:201,0
DA:202,0
DA:205,1
DA:206,1
DA:211,1
DA:212,1
DA:220,1
DA:222,1
DA:223,1
DA:224,1
DA:225,1
DA:226,3
DA:227,1
DA:228,2
DA:229,2
DA:230,2
DA:231,2
DA:232,2
DA:233,2
DA:235,1
DA:236,3
DA:237,1
DA:239,1
DA:240,0
DA:242,0
DA:246,1
DA:256,1
DA:258,1
DA:260,1
DA:261,0
DA:262,0
LF:89
LH:82
end_of_record
SF:lib\fetures\home\presentation\view\dashboard.dart
DA:9,3
DA:11,0
DA:12,0
DA:24,0
DA:26,0
DA:27,0
DA:28,0
DA:29,0
DA:32,0
DA:40,0
DA:41,0
DA:42,0
DA:43,0
LF:13
LH:1
end_of_record
SF:lib\fetures\splash\presentation\view\splash_view.dart
DA:7,3
DA:9,0
DA:10,0
DA:14,0
DA:16,0
DA:17,0
DA:18,0
DA:21,0
DA:23,0
DA:24,0
DA:25,0
DA:26,0
DA:27,0
DA:29,0
DA:30,0
DA:33,0
DA:48,0
DA:50,0
LF:18
LH:1
end_of_record
SF:lib\core\common\snackbar\snackbar.dart
DA:3,1
DA:5,2
DA:6,1
DA:7,1
LF:4
LH:4
end_of_record
SF:lib\core\common\text\room_finder_style_text.dart
DA:4,6
DA:6,1
LF:2
LH:2
end_of_record
SF:lib\core\common\text\style_font_20.dart
DA:4,9
DA:10,2
DA:12,4
LF:3
LH:3
end_of_record
SF:lib\core\common\text\text.dart
DA:4,6
DA:9,2
DA:11,2
DA:12,2
LF:4
LH:4
end_of_record
SF:lib\core\network\remote\dio_error_interceptor.dart
DA:4,0
DA:6,0
DA:8,0
DA:9,0
DA:10,0
DA:11,0
DA:12,0
DA:13,0
DA:16,0
DA:17,0
DA:18,0
DA:20,0
DA:25,0
DA:26,0
DA:28,0
DA:31,0
LF:16
LH:0
end_of_record
SF:lib\core\network\remote\http_service.dart
DA:9,0
DA:10,0
DA:16,0
DA:18,0
DA:19,0
DA:20,0
DA:21,0
DA:22,0
DA:23,0
DA:24,0
DA:26,0
LF:11
LH:0
end_of_record
SF:lib\core\shared_prefs\user_shared_prefs.dart
DA:7,0
DA:8,0
DA:15,0
DA:17,0
DA:18,0
DA:19,0
DA:21,0
DA:26,0
DA:28,0
DA:29,0
DA:30,0
DA:32,0
LF:12
LH:0
end_of_record
SF:lib\fetures\auth\data\data_source\auth_remote_data_source.dart
DA:12,0
DA:13,0
DA:14,0
DA:15,0
DA:23,0
DA:25,0
DA:30,0
DA:32,0
DA:37,0
DA:40,0
DA:41,0
DA:42,0
DA:43,0
DA:47,0
DA:48,0
DA:49,0
DA:50,0
DA:51,0
DA:57,0
DA:59,0
DA:61,0
DA:62,0
DA:63,0
DA:64,0
DA:65,0
DA:66,0
DA:67,0
DA:70,0
DA:73,0
DA:74,0
DA:75,0
DA:76,0
DA:80,0
DA:81,0
DA:82,0
DA:83,0
DA:84,0
LF:37
LH:0
end_of_record
SF:lib\fetures\auth\data\repository\auth_remote_repository.dart
DA:9,0
DA:10,0
DA:11,0
DA:12,0
DA:19,0
DA:21,0
DA:23,0
DA:26,0
DA:28,0
LF:9
LH:0
end_of_record
SF:lib\fetures\auth\domain\repository\auth_repository.dart
DA:8,0
DA:9,0
LF:2
LH:0
end_of_record
SF:lib\fetures\auth\presentation\state\auth_state.dart
DA:5,3
DA:10,0
DA:11,0
DA:17,2
DA:22,2
DA:23,0
DA:24,2
DA:28,0
DA:29,0
LF:9
LH:4
end_of_record
SF:lib\fetures\home\presentation\view\bottom_view\account_view.dart
DA:4,3
DA:6,0
LF:2
LH:1
end_of_record
SF:lib\fetures\home\presentation\view\bottom_view\bookmark.dart
DA:4,3
DA:6,0
LF:2
LH:1
end_of_record
SF:lib\fetures\home\presentation\view\bottom_view\home_view.dart
DA:7,3
DA:9,0
DA:10,0
DA:14,0
DA:16,0
DA:17,0
DA:18,0
DA:19,0
DA:22,0
DA:23,0
DA:24,0
DA:25,0
DA:26,0
DA:28,0
DA:29,0
DA:30,0
DA:31,0
DA:44,0
DA:45,0
DA:46,0
DA:47,0
DA:48,0
DA:120,0
DA:121,0
LF:24
LH:1
end_of_record
SF:lib\fetures\home\presentation\view\bottom_view\serach_view.dart
DA:4,3
DA:6,0
LF:2
LH:1
end_of_record
SF:lib\fetures\splash\presentation\view_model\splash_view_model.dart
DA:8,0
DA:9,0
DA:10,0
DA:11,0
DA:18,0
DA:20,0
DA:21,0
DA:23,0
DA:25,0
DA:29,0
DA:31,0
DA:34,0
DA:39,0
DA:40,0
DA:42,0
DA:44,0
DA:46,0
LF:17
LH:0
end_of_record
